Using pre-set license
Built from '2020.3/staging' branch; Version is '2020.3.10f1 (297d780c91bc) revision 2719096'; Using compiler version '192528614'; Build Type 'Release'
OS: 'Windows 10 Home; OS build 19041.1110; Version 2004; 64bit' Language: 'zh' Physical Memory: 16301 MB
BatchMode: 1, IsHumanControllingUs: 0, StartBugReporterOnCrash: 0, Is64bit: 1, IsPro: 0

 COMMAND LINE ARGUMENTS:
F:\Unity\2020.3.10f1\Editor\Unity.exe
-adb2
-batchMode
-noUpm
-name
AssetImportWorker0
-projectPath
F:/Unity/NTUEDTD_Game_Jam_2021
-logFile
Logs/AssetImportWorker0.log
-srvPort
49438
Successfully changed project path to: F:/Unity/NTUEDTD_Game_Jam_2021
F:/Unity/NTUEDTD_Game_Jam_2021
Using Asset Import Pipeline V2.
Refreshing native plugins compatible for Editor in 60.71 ms, found 3 plugins.
Preloading 0 native plugins for Editor in 0.00 ms.
Initialize engine version: 2020.3.10f1 (297d780c91bc)
[Subsystems] Discovering subsystems at path F:/Unity/2020.3.10f1/Editor/Data/Resources/UnitySubsystems
[Subsystems] Discovering subsystems at path F:/Unity/NTUEDTD_Game_Jam_2021/Assets
GfxDevice: creating device client; threaded=0
Direct3D:
    Version:  Direct3D 11.0 [level 11.1]
    Renderer: NVIDIA GeForce GTX 1050 Ti (ID=0x1c82)
    Vendor:   
    VRAM:     4018 MB
    Driver:   27.21.14.5671
Initialize mono
Mono path[0] = 'F:/Unity/2020.3.10f1/Editor/Data/Managed'
Mono path[1] = 'F:/Unity/2020.3.10f1/Editor/Data/MonoBleedingEdge/lib/mono/unityjit'
Mono config path = 'F:/Unity/2020.3.10f1/Editor/Data/MonoBleedingEdge/etc'
Using monoOptions --debugger-agent=transport=dt_socket,embedding=1,server=y,suspend=n,address=127.0.0.1:56032
Begin MonoManager ReloadAssembly
Registering precompiled unity dll's ...
Register platform support module: F:/Unity/2020.3.10f1/Editor/Data/PlaybackEngines/MacStandaloneSupport/UnityEditor.OSXStandalone.Extensions.dll
Register platform support module: F:/Unity/2020.3.10f1/Editor/Data/PlaybackEngines/WindowsStandaloneSupport/UnityEditor.WindowsStandalone.Extensions.dll
Registered in 0.001669 seconds.
Native extension for WindowsStandalone target not found
Native extension for OSXStandalone target not found
Refreshing native plugins compatible for Editor in 50.30 ms, found 3 plugins.
Preloading 0 native plugins for Editor in 0.00 ms.
Mono: successfully reloaded assembly
- Completed reload, in  1.150 seconds
Platform modules already initialized, skipping
Registering precompiled user dll's ...
Registered in 0.003469 seconds.
Begin MonoManager ReloadAssembly
Native extension for WindowsStandalone target not found
Native extension for OSXStandalone target not found
Refreshing native plugins compatible for Editor in 51.17 ms, found 3 plugins.
Preloading 0 native plugins for Editor in 0.00 ms.
Mono: successfully reloaded assembly
- Completed reload, in  1.285 seconds
Platform modules already initialized, skipping
========================================================================
Worker process is ready to serve import requests
Launched and connected shader compiler UnityShaderCompiler.exe after 0.06 seconds
Refreshing native plugins compatible for Editor in 0.53 ms, found 3 plugins.
Preloading 0 native plugins for Editor in 0.00 ms.
Unloading 2079 Unused Serialized files (Serialized files now loaded: 0)
System memory in use before: 92.8 MB.
System memory in use after: 92.9 MB.

Unloading 28 unused Assets to reduce memory usage. Loaded Objects now: 2518.
Total: 2.548600 ms (FindLiveObjects: 0.210400 ms CreateObjectMapping: 0.074300 ms MarkObjects: 2.179400 ms  DeleteObjects: 0.082900 ms)

========================================================================
Received Import Request.
  path: Assets/Scenes
  artifactKey: Guid(0f945dab56fef1f469770d0f258bf702) Importer(815301076,1909f56bfc062723c751e8b465ee728b)
Start importing Assets/Scenes using Guid(0f945dab56fef1f469770d0f258bf702) Importer(815301076,1909f56bfc062723c751e8b465ee728b)  -> (artifact id: '1760a89c94abd88b17eab073b2ad43b7') in 0.005528 seconds
  Import took 0.009111 seconds .

========================================================================
Received Import Request.
  Time since last request: 0.000355 seconds.
  path: Assets
  artifactKey: Guid(00000000000000001000000000000000) Importer(815301076,1909f56bfc062723c751e8b465ee728b)
Start importing Assets using Guid(00000000000000001000000000000000) Importer(815301076,1909f56bfc062723c751e8b465ee728b)  -> (artifact id: '42d402b061de3733987d63b9cc3b64de') in 0.001738 seconds
  Import took 0.005169 seconds .

========================================================================
Received Import Request.
  Time since last request: 18.801852 seconds.
  path: Assets/Scenes/UnicornScene.unity
  artifactKey: Guid(027ae7192acb19143a102df6ae8a87d0) Importer(815301076,1909f56bfc062723c751e8b465ee728b)
Start importing Assets/Scenes/UnicornScene.unity using Guid(027ae7192acb19143a102df6ae8a87d0) Importer(815301076,1909f56bfc062723c751e8b465ee728b)  -> (artifact id: 'f72637642339c7378918c423d345459c') in 0.014350 seconds
  Import took 0.017892 seconds .

========================================================================
Received Import Request.
  Time since last request: 1340.040317 seconds.
  path: Packages/com.unity.2d.sprite
  artifactKey: Guid(0901a6b758d060e9422c4f8d588d5895) Importer(815301076,1909f56bfc062723c751e8b465ee728b)
Start importing Packages/com.unity.2d.sprite using Guid(0901a6b758d060e9422c4f8d588d5895) Importer(815301076,1909f56bfc062723c751e8b465ee728b)  -> (artifact id: '1ac9f0859ed1eccac4506b3b2480e9d0') in 0.001988 seconds
  Import took 0.006299 seconds .

========================================================================
Received Import Request.
  Time since last request: 2.252652 seconds.
  path: Packages/com.unity.2d.sprite/Editor
  artifactKey: Guid(16fa2ad734f422245b86558310973ad1) Importer(815301076,1909f56bfc062723c751e8b465ee728b)
Start importing Packages/com.unity.2d.sprite/Editor using Guid(16fa2ad734f422245b86558310973ad1) Importer(815301076,1909f56bfc062723c751e8b465ee728b)  -> (artifact id: '9729fdc7d07b271ef5be2d84a579c6a2') in 0.001941 seconds
  Import took 0.005914 seconds .

========================================================================
Received Import Request.
  Time since last request: 0.005058 seconds.
  path: Packages/com.unity.2d.sprite/Editor
  artifactKey: Guid(16fa2ad734f422245b86558310973ad1) Importer(815301076,1909f56bfc062723c751e8b465ee728b)
Start importing Packages/com.unity.2d.sprite/Editor using Guid(16fa2ad734f422245b86558310973ad1) Importer(815301076,1909f56bfc062723c751e8b465ee728b)  -> (artifact id: '9729fdc7d07b271ef5be2d84a579c6a2') in 0.001644 seconds
  Import took 0.005392 seconds .

========================================================================
Received Import Request.
  Time since last request: 1.256627 seconds.
  path: Packages/com.unity.2d.sprite/Editor/Interface
  artifactKey: Guid(b1c7f0c50b0c1d7458d2d0a50ebfefef) Importer(815301076,1909f56bfc062723c751e8b465ee728b)
Start importing Packages/com.unity.2d.sprite/Editor/Interface using Guid(b1c7f0c50b0c1d7458d2d0a50ebfefef) Importer(815301076,1909f56bfc062723c751e8b465ee728b)  -> (artifact id: '0bf76b77eb766c10f7a04241482ccb3f') in 0.002316 seconds
  Import took 0.006495 seconds .

========================================================================
Received Import Request.
  Time since last request: 19.106507 seconds.
  path: Assets/unicornn
  artifactKey: Guid(e5eaf8f41bb1d7841a763776b06f0418) Importer(815301076,1909f56bfc062723c751e8b465ee728b)
Start importing Assets/unicornn using Guid(e5eaf8f41bb1d7841a763776b06f0418) Importer(815301076,1909f56bfc062723c751e8b465ee728b)  -> (artifact id: 'a712e371122c006330a6c00d119b9f47') in 0.002641 seconds
  Import took 0.006789 seconds .

========================================================================
Received Import Request.
  Time since last request: 0.000625 seconds.
  path: Assets/unicornn
  artifactKey: Guid(e5eaf8f41bb1d7841a763776b06f0418) Importer(815301076,1909f56bfc062723c751e8b465ee728b)
Start importing Assets/unicornn using Guid(e5eaf8f41bb1d7841a763776b06f0418) Importer(815301076,1909f56bfc062723c751e8b465ee728b)  -> (artifact id: 'a712e371122c006330a6c00d119b9f47') in 0.001901 seconds
  Import took 0.007052 seconds .

========================================================================
Received Import Request.
  Time since last request: 34.586098 seconds.
  path: Assets/unicornn/masked_orc_idle_anim_f0.png
  artifactKey: Guid(dc6914b0f6dd529429efad1a0fd5c28a) Importer(815301076,1909f56bfc062723c751e8b465ee728b)
Start importing Assets/unicornn/masked_orc_idle_anim_f0.png using Guid(dc6914b0f6dd529429efad1a0fd5c28a) Importer(815301076,1909f56bfc062723c751e8b465ee728b)  -> (artifact id: 'a3e6854a734bae9ff6e3e9fc27c51acf') in 0.160715 seconds
  Import took 0.164828 seconds .

========================================================================
Received Prepare
Registering precompiled user dll's ...
Registered in 0.003449 seconds.
Begin MonoManager ReloadAssembly
Native extension for WindowsStandalone target not found
Native extension for OSXStandalone target not found
Refreshing native plugins compatible for Editor in 0.62 ms, found 3 plugins.
Preloading 0 native plugins for Editor in 0.00 ms.
Mono: successfully reloaded assembly
- Completed reload, in  1.524 seconds
Platform modules already initialized, skipping
Refreshing native plugins compatible for Editor in 0.56 ms, found 3 plugins.
Preloading 0 native plugins for Editor in 0.00 ms.
Unloading 2070 Unused Serialized files (Serialized files now loaded: 0)
System memory in use before: 95.4 MB.
System memory in use after: 95.5 MB.

Unloading 17 unused Assets to reduce memory usage. Loaded Objects now: 2527.
Total: 2.274300 ms (FindLiveObjects: 0.188600 ms CreateObjectMapping: 0.069300 ms MarkObjects: 1.990100 ms  DeleteObjects: 0.024700 ms)

========================================================================
Received Import Request.
  Time since last request: 553.430982 seconds.
  path: Assets/unicornn/background.png
  artifactKey: Guid(81c39d493b3d9b94aab9ad1515141a2e) Importer(815301076,1909f56bfc062723c751e8b465ee728b)
Start importing Assets/unicornn/background.png using Guid(81c39d493b3d9b94aab9ad1515141a2e) Importer(815301076,1909f56bfc062723c751e8b465ee728b)  -> (artifact id: 'b9628f5870dcbac30c38378c77fd57f0') in 0.073243 seconds
  Import took 0.078029 seconds .

========================================================================
Received Import Request.
  Time since last request: 0.024095 seconds.
  path: Assets/unicornn/background.png
  artifactKey: Guid(81c39d493b3d9b94aab9ad1515141a2e) Importer(815301076,1909f56bfc062723c751e8b465ee728b)
Start importing Assets/unicornn/background.png using Guid(81c39d493b3d9b94aab9ad1515141a2e) Importer(815301076,1909f56bfc062723c751e8b465ee728b)  -> (artifact id: 'b9628f5870dcbac30c38378c77fd57f0') in 0.017000 seconds
  Import took 0.020737 seconds .

